[askbootstrap.com/preview/eatsie/index.html]
[askbootstrap.com/preview/eatsie/assets/img/fav.png]
[backblue.gif]
[fade.gif]
[index.html]
[askbootstrap.com/preview/eatsie/assets/vendor/bootstrap/css/bootstrap.min.css]
[askbootstrap.com/preview/eatsie/assets/vendor/icons/icofont.min.css]
[cdn.jsdelivr.net/npm/bootstrap-icons@1.8.1/font/bootstrap-icons.css]
[askbootstrap.com/preview/eatsie/assets/css/style.css]
[askbootstrap.com/preview/eatsie/assets/img/logo.svg]
[askbootstrap.com/preview/eatsie/search.html]
[askbootstrap.com/preview/eatsie/listing.html]
[askbootstrap.com/preview/eatsie/listing-detail.html]
[askbootstrap.com/preview/eatsie/product-detail.html]
[askbootstrap.com/preview/eatsie/cart.html]
[askbootstrap.com/preview/eatsie/success-order.html]
[askbootstrap.com/preview/eatsie/profile.html]
[askbootstrap.com/preview/eatsie/packages.html]
[askbootstrap.com/preview/eatsie/packages-payment.html]
[askbootstrap.com/preview/eatsie/success-send.html]
[askbootstrap.com/preview/eatsie/about.html]
[askbootstrap.com/preview/eatsie/jobs.html]
[askbootstrap.com/preview/eatsie/contact.html]
[askbootstrap.com/preview/eatsie/cupons.html]
[askbootstrap.com/preview/eatsie/assets/img/banner1.png]
[askbootstrap.com/preview/eatsie/assets/img/banner2.png]
[askbootstrap.com/preview/eatsie/assets/img/l1.png]
[askbootstrap.com/preview/eatsie/assets/img/l3.png]
[askbootstrap.com/preview/eatsie/assets/img/l4.png]
[askbootstrap.com/preview/eatsie/assets/img/l2.png]
[askbootstrap.com/preview/eatsie/assets/img/1.png]
[askbootstrap.com/preview/eatsie/assets/img/2.png]
[askbootstrap.com/preview/eatsie/assets/img/3.png]
[askbootstrap.com/preview/eatsie/assets/img/4.png]
[askbootstrap.com/preview/eatsie/assets/img/5.png]
[askbootstrap.com/preview/eatsie/assets/img/6.png]
[askbootstrap.com/preview/eatsie/assets/img/7.png]
[askbootstrap.com/preview/eatsie/assets/img/8.png]
[askbootstrap.com/preview/eatsie/assets/img/9.png]
[askbootstrap.com/preview/eatsie/assets/img/10.png]
[askbootstrap.com/preview/eatsie/assets/img/11.png]
[askbootstrap.com/preview/eatsie/assets/img/12.png]
[askbootstrap.com/preview/eatsie/assets/img/slider1.jpg]
[askbootstrap.com/preview/eatsie/assets/img/slider2.jpg]
[askbootstrap.com/preview/eatsie/assets/img/slider3.jpg]
[askbootstrap.com/preview/eatsie/assets/img/slider4.jpg]
[askbootstrap.com/preview/eatsie/assets/img/play-store.svg]
[askbootstrap.com/preview/eatsie/assets/img/mobile-app.png]
[askbootstrap.com/preview/eatsie/assets/img/login2.png]
[askbootstrap.com/preview/eatsie/assets/img/login3.png]
[askbootstrap.com/preview/eatsie/assets/vendor/jquery/jquery.min.js]
[askbootstrap.com/preview/eatsie/assets/vendor/bootstrap/js/bootstrap.bundle.min.js]
[askbootstrap.com/preview/eatsie/assets/js/custom.js]
[askbootstrap.com/preview/eatsie/index.html]
[askbootstrap.com/preview/eatsie/assets/vendor/bootstrap/css/bootstrap.min.css]
[askbootstrap.com/cdn-cgi/scripts/7d0fa10a/cloudflare-static/rocket-loader.min.js]
[askbootstrap.com/preview/eatsie/assets/vendor/icons/fonts/icofont.woff2]
[askbootstrap.com/preview/eatsie/assets/vendor/icons/icofont.min.css]
[cdn.jsdelivr.net/npm/bootstrap-icons@1.8.1/font/fonts/bootstrap-icons44df.woff2]
[cdn.jsdelivr.net/npm/bootstrap-icons@1.8.1/font/fonts/bootstrap-icons44df.woff]
[cdn.jsdelivr.net/npm/bootstrap-icons@1.8.1/font/bootstrap-icons.css]
[askbootstrap.com/preview/eatsie/assets/vendor/icons/fonts/icofont.woff]
[askbootstrap.com/preview/eatsie/assets/img/login1.png]
[askbootstrap.com/preview/eatsie/assets/css/style.css]
[askbootstrap.com/preview/eatsie/assets/img/logo.svg]
[askbootstrap.com/preview/eatsie/assets/img/list11.jpg]
[askbootstrap.com/preview/eatsie/assets/img/list4.jpg]
[askbootstrap.com/preview/eatsie/assets/img/list6.jpg]
[askbootstrap.com/preview/eatsie/assets/img/list7.jpg]
[askbootstrap.com/preview/eatsie/assets/img/list10.jpg]
[askbootstrap.com/preview/eatsie/assets/img/list9.jpg]
[askbootstrap.com/preview/eatsie/assets/img/list12.jpg]
[askbootstrap.com/preview/eatsie/assets/img/list13.jpg]
[askbootstrap.com/preview/eatsie/search.html]
[askbootstrap.com/preview/eatsie/assets/img/grocery.png]
[askbootstrap.com/preview/eatsie/assets/img/list2.jpg]
[askbootstrap.com/preview/eatsie/assets/img/list3.jpg]
[askbootstrap.com/preview/eatsie/assets/img/list5.jpg]
[askbootstrap.com/preview/eatsie/assets/img/list1.jpg]
[askbootstrap.com/preview/eatsie/assets/img/list8.jpg]
[askbootstrap.com/preview/eatsie/listing.html]
[askbootstrap.com/preview/eatsie/assets/img/p11.jpg]
[askbootstrap.com/preview/eatsie/assets/img/p16.jpg]
[askbootstrap.com/preview/eatsie/assets/img/p8.jpg]
[askbootstrap.com/preview/eatsie/assets/img/p4.jpg]
[askbootstrap.com/preview/eatsie/assets/img/p6.jpg]
[askbootstrap.com/preview/eatsie/assets/img/p5.jpg]
[askbootstrap.com/preview/eatsie/assets/img/p3.jpg]
[askbootstrap.com/preview/eatsie/assets/img/p10.jpg]
[askbootstrap.com/preview/eatsie/assets/img/p2.jpg]
[askbootstrap.com/preview/eatsie/assets/img/p7.jpg]
[askbootstrap.com/preview/eatsie/assets/img/p12.jpg]
[askbootstrap.com/preview/eatsie/assets/img/p13.jpg]
[askbootstrap.com/preview/eatsie/assets/img/p18.jpg]
[askbootstrap.com/preview/eatsie/assets/img/p9.jpg]
[askbootstrap.com/preview/eatsie/assets/img/p17.jpg]
[askbootstrap.com/preview/eatsie/assets/img/p1.jpg]
[askbootstrap.com/preview/eatsie/assets/img/p14.jpg]
[askbootstrap.com/preview/eatsie/listing-detail.html]
[askbootstrap.com/preview/eatsie/assets/img/icecream.jpg]
[askbootstrap.com/preview/eatsie/assets/img/icream-2.jpg]
[askbootstrap.com/preview/eatsie/assets/img/icream-3.jpg]
[askbootstrap.com/preview/eatsie/assets/img/icream-4.jpg]
[askbootstrap.com/preview/eatsie/assets/img/icream-5.jpg]
[askbootstrap.com/preview/eatsie/product-detail.html]
[askbootstrap.com/preview/eatsie/assets/img/payment2.png]
[askbootstrap.com/preview/eatsie/assets/img/payment3.png]
[askbootstrap.com/preview/eatsie/assets/img/payment1.png]
[askbootstrap.com/preview/eatsie/assets/img/tip1.png]
[askbootstrap.com/preview/eatsie/assets/img/tip2.png]
[askbootstrap.com/preview/eatsie/assets/img/tip3.png]
[askbootstrap.com/preview/eatsie/cart.html]
[askbootstrap.com/preview/eatsie/assets/img/order-done.gif]
[askbootstrap.com/preview/eatsie/success-order.html]
[askbootstrap.com/preview/eatsie/assets/img/team1.jpg]
[askbootstrap.com/preview/eatsie/profile.html]
[askbootstrap.com/preview/eatsie/packages.html]
[askbootstrap.com/preview/eatsie/packages-payment.html]
[askbootstrap.com/preview/eatsie/success-send.html]
[askbootstrap.com/preview/eatsie/assets/img/vision.jpg]
[askbootstrap.com/preview/eatsie/assets/img/mission.jpg]
[askbootstrap.com/preview/eatsie/assets/img/team2.jpg]
[askbootstrap.com/preview/eatsie/assets/img/team3.jpg]
[askbootstrap.com/preview/eatsie/assets/img/team4.jpg]
[askbootstrap.com/preview/eatsie/about.html]
[askbootstrap.com/preview/eatsie/jobs.html]
[askbootstrap.com/preview/eatsie/contact.html]
[askbootstrap.com/preview/eatsie/assets/img/offers.png]
[askbootstrap.com/preview/eatsie/assets/img/payment4.png]
[askbootstrap.com/preview/eatsie/cupons.html]
[askbootstrap.com/preview/eatsie/assets/img/play-store.svg]
[askbootstrap.com/preview/eatsie/assets/img/app-store.svg]
[askbootstrap.com/preview/eatsie/assets/vendor/jquery/jquery.min.js]
[askbootstrap.com/preview/eatsie/assets/vendor/bootstrap/js/bootstrap.bundle.min.js]
[askbootstrap.com/preview/eatsie/assets/js/custom.js]
